Backend error message
---------------------
Error: org.apache.pig.backend.executionengine.ExecException: ERROR 0: Exception while executing (Name: grouped: Local Rearrange[tuple]{chararray}(false) - scope-60 Operator Key: scope-60): org.apache.pig.backend.executionengine.ExecException: ERROR 0: Exception while executing (Name: max_temp: New For Each(false,false)[bag] - scope-48 Operator Key: scope-48): org.apache.pig.backend.executionengine.ExecException: ERROR 0: Exception while executing (Name: Pre Combiner Local Rearrange[tuple]{Unknown} - scope-63 Operator Key: scope-63): org.apache.pig.backend.executionengine.ExecException: ERROR 0: Exception while executing (Name: filtered: Filter[bag] - scope-11 Operator Key: scope-11): org.apache.pig.backend.executionengine.ExecException: ERROR 1074: Problem with formatting. Could not convert 9+0000 to Integer.
	at org.apache.pig.backend.hadoop.executionengine.physicalLayer.PhysicalOperator.processInput(PhysicalOperator.java:315)
	at org.apache.pig.backend.hadoop.executionengine.physicalLayer.relationalOperators.POLocalRearrange.getNextTuple(POLocalRearrange.java:287)
	at org.apache.pig.backend.hadoop.executionengine.mapReduceLayer.PigGenericMapBase.runPipeline(PigGenericMapBase.java:280)
	at org.apache.pig.backend.hadoop.executionengine.mapReduceLayer.PigGenericMapBase.map(PigGenericMapBase.java:275)
	at org.apache.pig.backend.hadoop.executionengine.mapReduceLayer.PigGenericMapBase.map(PigGenericMapBase.java:65)
	at org.apache.hadoop.mapreduce.Mapper.run(Mapper.java:146)
	at org.apache.hadoop.mapred.MapTask.runNewMapper(MapTask.java:799)
	at org.apache.hadoop.mapred.MapTask.run(MapTask.java:347)
	at org.apache.hadoop.mapred.YarnChild$2.run(YarnChild.java:178)
	at java.base/java.security.AccessController.doPrivileged(Native Method)
	at java.base/javax.security.auth.Subject.doAs(Subject.java:423)
	at org.apache.hadoop.security.UserGroupInformation.doAs(UserGroupInformation.java:1845)
	at org.apache.hadoop.mapred.YarnChild.main(YarnChild.java:172)
Caused by: org.apache.pig.backend.executionengine.ExecException: ERROR 0: Exception while executing (Name: max_temp: New For Each(false,false)[bag] - scope-48 Operator Key: scope-48): org.apache.pig.backend.executionengine.ExecException: ERROR 0: Exception while executing (Name: Pre Combiner Local Rearrange[tuple]{Unknown} - scope-63 Operator Key: scope-63): org.apache.pig.backend.executionengine.ExecException: ERROR 0: Exception while executing (Name: filtered: Filter[bag] - scope-11 Operator Key: scope-11): org.apache.pig.backend.executionengine.ExecException: ERROR 1074: Problem with formatting. Could not convert 9+0000 to Integer.
	at org.apache.pig.backend.hadoop.executionengine.physicalLayer.PhysicalOperator.processInput(PhysicalOperator.java:315)
	at org.apache.pig.backend.hadoop.executionengine.physicalLayer.relationalOperators.POForEach.getNextTuple(POForEach.java:258)
	at org.apache.pig.backend.hadoop.executionengine.physicalLayer.PhysicalOperator.processInput(PhysicalOperator.java:305)
	... 12 more
Caused by: org.apache.pig.backend.executionengine.ExecException: ERROR 0: Exception while executing (Name: Pre Combiner Local Rearrange[tuple]{Unknown} - scope-63 Operator Key: scope-63): org.apache.pig.backend.executionengine.ExecException: ERROR 0: Exception while executing (Name: filtered: Filter[bag] - scope-11 Operator Key: scope-11): org.apache.pig.backend.executionengine.ExecException: ERROR 1074: Problem with formatting. Could not convert 9+0000 to Integer.
	at org.apache.pig.backend.hadoop.executionengine.physicalLayer.PhysicalOperator.processInput(PhysicalOperator.java:315)
	at org.apache.pig.backend.hadoop.executionengine.physicalLayer.relationalOperators.POPreCombinerLocalRearrange.getNextTuple(POPreCombinerLocalRearrange.java:121)
	at org.apache.pig.backend.hadoop.executionengine.physicalLayer.PhysicalOperator.processInput(PhysicalOperator.java:305)
	... 14 more
Caused by: org.apache.pig.backend.executionengine.ExecException: ERROR 0: Exception while executing (Name: filtered: Filter[bag] - scope-11 Operator Key: scope-11): org.apache.pig.backend.executionengine.ExecException: ERROR 1074: Problem with formatting. Could not convert 9+0000 to Integer.
	at org.apache.pig.backend.hadoop.executionengine.physicalLayer.PhysicalOperator.processInput(PhysicalOperator.java:315)
	at org.apache.pig.backend.hadoop.executionengine.physicalLayer.relationalOperators.POFilter.getNextTuple(POFilter.java:90)
	at org.apache.pig.backend.hadoop.executionengine.physicalLayer.PhysicalOperator.processInput(PhysicalOperator.java:305)
	... 16 more
Caused by: org.apache.pig.backend.executionengine.ExecException: ERROR 1074: Problem with formatting. Could not convert 9+0000 to Integer.
	at org.apache.pig.data.DataType.toInteger(DataType.java:790)
	at org.apache.pig.backend.hadoop.executionengine.physicalLayer.expressionOperators.POCast.getNextInteger(POCast.java:503)
	at org.apache.pig.backend.hadoop.executionengine.physicalLayer.PhysicalOperator.getNext(PhysicalOperator.java:347)
	at org.apache.pig.backend.hadoop.executionengine.physicalLayer.relationalOperators.POForEach.processPlan(POForEach.java:406)
	at org.apache.pig.backend.hadoop.executionengine.physicalLayer.relationalOperators.POForEach.getNextTuple(POForEach.java:323)
	at org.apache.pig.backend.hadoop.executionengine.physicalLayer.PhysicalOperator.processInput(PhysicalOperator.java:305)
	... 18 more
Caused by: java.lang.NumberFormatException: For input string: "9+0000"
	at java.base/java.lang.NumberFormatException.forInputString(NumberFormatException.java:65)
	at java.base/java.lang.Integer.parseInt(Integer.java:652)
	at java.base/java.lang.Integer.valueOf(Integer.java:983)
	at org.apache.pig.data.DataType.toInteger(DataType.java:758)
	... 23 more

Pig Stack Trace
---------------
ERROR 1074: Problem with formatting. Could not convert 9+0000 to Integer.

org.apache.pig.backend.executionengine.ExecException: ERROR 0: org.apache.pig.backend.executionengine.ExecException: ERROR 0: Exception while executing (Name: grouped: Local Rearrange[tuple]{chararray}(false) - scope-60 Operator Key: scope-60): org.apache.pig.backend.executionengine.ExecException: ERROR 0: Exception while executing (Name: max_temp: New For Each(false,false)[bag] - scope-48 Operator Key: scope-48): org.apache.pig.backend.executionengine.ExecException: ERROR 0: Exception while executing (Name: Pre Combiner Local Rearrange[tuple]{Unknown} - scope-63 Operator Key: scope-63): org.apache.pig.backend.executionengine.ExecException: ERROR 0: Exception while executing (Name: filtered: Filter[bag] - scope-11 Operator Key: scope-11): org.apache.pig.backend.executionengine.ExecException: ERROR 1074: Problem with formatting. Could not convert 9+0000 to Integer.
	at org.apache.pig.backend.hadoop.executionengine.mapReduceLayer.MapReduceLauncher.getStats(MapReduceLauncher.java:841)
	at org.apache.pig.backend.hadoop.executionengine.mapReduceLayer.MapReduceLauncher.launchPig(MapReduceLauncher.java:473)
	at org.apache.pig.backend.hadoop.executionengine.HExecutionEngine.launchPig(HExecutionEngine.java:290)
	at org.apache.pig.PigServer.launchPlan(PigServer.java:1475)
	at org.apache.pig.PigServer.executeCompiledLogicalPlan(PigServer.java:1460)
	at org.apache.pig.PigServer.execute(PigServer.java:1449)
	at org.apache.pig.PigServer.executeBatch(PigServer.java:489)
	at org.apache.pig.PigServer.executeBatch(PigServer.java:472)
	at org.apache.pig.tools.grunt.GruntParser.executeBatch(GruntParser.java:171)
	at org.apache.pig.tools.grunt.GruntParser.parseStopOnError(GruntParser.java:234)
	at org.apache.pig.tools.grunt.GruntParser.parseStopOnError(GruntParser.java:205)
	at org.apache.pig.tools.grunt.Grunt.exec(Grunt.java:81)
	at org.apache.pig.Main.run(Main.java:630)
	at org.apache.pig.Main.main(Main.java:175)
	at java.base/jdk.internal.reflect.NativeMethodAccessorImpl.invoke0(Native Method)
	at java.base/jdk.internal.reflect.NativeMethodAccessorImpl.invoke(NativeMethodAccessorImpl.java:62)
	at java.base/jdk.internal.reflect.DelegatingMethodAccessorImpl.invoke(DelegatingMethodAccessorImpl.java:43)
	at java.base/java.lang.reflect.Method.invoke(Method.java:566)
	at org.apache.hadoop.util.RunJar.run(RunJar.java:323)
	at org.apache.hadoop.util.RunJar.main(RunJar.java:236)
Caused by: org.apache.pig.backend.executionengine.ExecException: ERROR 0: Exception while executing (Name: grouped: Local Rearrange[tuple]{chararray}(false) - scope-60 Operator Key: scope-60): org.apache.pig.backend.executionengine.ExecException: ERROR 0: Exception while executing (Name: max_temp: New For Each(false,false)[bag] - scope-48 Operator Key: scope-48): org.apache.pig.backend.executionengine.ExecException: ERROR 0: Exception while executing (Name: Pre Combiner Local Rearrange[tuple]{Unknown} - scope-63 Operator Key: scope-63): org.apache.pig.backend.executionengine.ExecException: ERROR 0: Exception while executing (Name: filtered: Filter[bag] - scope-11 Operator Key: scope-11): org.apache.pig.backend.executionengine.ExecException: ERROR 1074: Problem with formatting. Could not convert 9+0000 to Integer.
	at org.apache.pig.backend.hadoop.executionengine.physicalLayer.PhysicalOperator.processInput(PhysicalOperator.java:315)
	at org.apache.pig.backend.hadoop.executionengine.physicalLayer.relationalOperators.POLocalRearrange.getNextTuple(POLocalRearrange.java:287)
	at org.apache.pig.backend.hadoop.executionengine.mapReduceLayer.PigGenericMapBase.runPipeline(PigGenericMapBase.java:280)
	at org.apache.pig.backend.hadoop.executionengine.mapReduceLayer.PigGenericMapBase.map(PigGenericMapBase.java:275)
	at org.apache.pig.backend.hadoop.executionengine.mapReduceLayer.PigGenericMapBase.map(PigGenericMapBase.java:65)
	at org.apache.hadoop.mapreduce.Mapper.run(Mapper.java:146)
	at org.apache.hadoop.mapred.MapTask.runNewMapper(MapTask.java:799)
	at org.apache.hadoop.mapred.MapTask.run(MapTask.java:347)
	at org.apache.hadoop.mapred.YarnChild$2.run(YarnChild.java:178)
	at java.base(java.security.AccessController.doPrivileged(Native Method)
	at java.base(javax.security.auth.Subject.doAs(Subject.java:423)
	at org.apache.hadoop.security.UserGroupInformation.doAs(UserGroupInformation.java:1845)
	at org.apache.hadoop.mapred.YarnChild.main(YarnChild.java:172)
Caused by: org.apache.pig.backend.executionengine.ExecException: ERROR 0: Exception while executing (Name: max_temp: New For Each(false,false)[bag] - scope-48 Operator Key: scope-48): org.apache.pig.backend.executionengine.ExecException: ERROR 0: Exception while executing (Name: Pre Combiner Local Rearrange[tuple]{Unknown} - scope-63 Operator Key: scope-63): org.apache.pig.backend.executionengine.ExecException: ERROR 0: Exception while executing (Name: filtered: Filter[bag] - scope-11 Operator Key: scope-11): org.apache.pig.backend.executionengine.ExecException: ERROR 1074: Problem with formatting. Could not convert 9+0000 to Integer.
	at org.apache.pig.backend.hadoop.executionengine.physicalLayer.PhysicalOperator.processInput(PhysicalOperator.java:315)
	at org.apache.pig.backend.hadoop.executionengine.physicalLayer.relationalOperators.POForEach.getNextTuple(POForEach.java:258)
	at org.apache.pig.backend.hadoop.executionengine.physicalLayer.PhysicalOperator.processInput(PhysicalOperator.java:305)
Caused by: org.apache.pig.backend.executionengine.ExecException: ERROR 0: Exception while executing (Name: Pre Combiner Local Rearrange[tuple]{Unknown} - scope-63 Operator Key: scope-63): org.apache.pig.backend.executionengine.ExecException: ERROR 0: Exception while executing (Name: filtered: Filter[bag] - scope-11 Operator Key: scope-11): org.apache.pig.backend.executionengine.ExecException: ERROR 1074: Problem with formatting. Could not convert 9+0000 to Integer.
	at org.apache.pig.backend.hadoop.executionengine.physicalLayer.PhysicalOperator.processInput(PhysicalOperator.java:315)
	at org.apache.pig.backend.hadoop.executionengine.physicalLayer.relationalOperators.POPreCombinerLocalRearrange.getNextTuple(POPreCombinerLocalRearrange.java:121)
	... 1 more
Caused by: org.apache.pig.backend.executionengine.ExecException: ERROR 0: Exception while executing (Name: filtered: Filter[bag] - scope-11 Operator Key: scope-11): org.apache.pig.backend.executionengine.ExecException: ERROR 1074: Problem with formatting. Could not convert 9+0000 to Integer.
	at org.apache.pig.backend.hadoop.executionengine.physicalLayer.PhysicalOperator.processInput(PhysicalOperator.java:315)
	at org.apache.pig.backend.hadoop.executionengine.physicalLayer.relationalOperators.POFilter.getNextTuple(POFilter.java:90)
	... 1 more
Caused by: org.apache.pig.backend.executionengine.ExecException: ERROR 1074: Problem with formatting. Could not convert 9+0000 to Integer.
	at org.apache.pig.data.DataType.toInteger(DataType.java:790)
	at org.apache.pig.backend.hadoop.executionengine.physicalLayer.expressionOperators.POCast.getNextInteger(POCast.java:503)
	at org.apache.pig.backend.hadoop.executionengine.physicalLayer.PhysicalOperator.getNext(PhysicalOperator.java:347)
	at org.apache.pig.backend.hadoop.executionengine.physicalLayer.relationalOperators.POForEach.processPlan(POForEach.java:406)
	at org.apache.pig.backend.hadoop.executionengine.physicalLayer.relationalOperators.POForEach.getNextTuple(POForEach.java:323)
	... 1 more
Caused by: java.lang.NumberFormatException: For input string: "9+0000"
	at java.base(java.lang.NumberFormatException.forInputString(NumberFormatException.java:65)
	at java.base(java.lang.Integer.parseInt(Integer.java:652)
	at java.base(java.lang.Integer.valueOf(Integer.java:983)
	at org.apache.pig.data.DataType.toInteger(DataType.java:758)
================================================================================
